<?xml version="1.0" encoding="UTF-8"?>
<!-- Generated by org.testng.reporters.JUnitReportReporter -->
<testsuite hostname="LAPTOP-B6F4M6SR" failures="0" tests="1" name="TESTNG.FlexiLoan" time="0.001" errors="0" timestamp="10 Jan 2023 17:40:16 GMT">
  <testcase classname="TESTNG.FlexiLoan" name="flexiloanapplogin" time="0.001"/>
</testsuite> <!-- TESTNG.FlexiLoan -->
