<?xml version="1.0" encoding="UTF-8"?>
<!-- Generated by org.testng.reporters.JUnitReportReporter -->
<testsuite hostname="LAPTOP-B6F4M6SR" failures="0" tests="3" name="TESTNG.CarLease" time="0.003" errors="0" timestamp="10 Jan 2023 17:37:46 GMT">
  <testcase classname="TESTNG.CarLease" name="CarLeaseweblogin" time="0.001"/>
  <testcase classname="TESTNG.CarLease" name="CarLeaseapplogin" time="0.001"/>
  <testcase classname="TESTNG.CarLease" name="CarLeasebranchlogin" time="0.001"/>
</testsuite> <!-- TESTNG.CarLease -->
