<?xml version="1.0" encoding="UTF-8"?>
<!-- Generated by org.testng.reporters.JUnitReportReporter -->
<testsuite hostname="LAPTOP-B6F4M6SR" failures="0" tests="2" name="TESTNG.MortgageLoan" time="0.009" errors="0" timestamp="10 Jan 2023 18:09:12 GMT">
  <testcase classname="TESTNG.MortgageLoan" name="MortgageLoanbranchlogin" time="0.008"/>
  <testcase classname="TESTNG.MortgageLoan" name="MortgageLoanweblogin" time="0.001"/>
</testsuite> <!-- TESTNG.MortgageLoan -->
