<?xml version="1.0" encoding="UTF-8"?>
<!-- Generated by org.testng.reporters.JUnitReportReporter -->
<testsuite hostname="LAPTOP-B6F4M6SR" failures="0" tests="2" name="TESTNG.CarBuy" time="0.001" errors="0" timestamp="10 Jan 2023 17:40:16 GMT">
  <testcase classname="TESTNG.CarBuy" name="CarBuyweblogin" time="0.001"/>
  <testcase classname="TESTNG.CarBuy" name="CarBuybranchlogin" time="0.000"/>
</testsuite> <!-- TESTNG.CarBuy -->
